Using pre-set license
Built from '2020.2/release' branch; Version is '2020.2.2f1 (068178b99f32) revision 426360'; Using compiler version '192528614'; Build Type 'Release'
OS: 'Windows 10 Home; OS build 19041.804; Version 2004; 64bit' Language: 'nl' Physical Memory: 24461 MB
BatchMode: 1, IsHumanControllingUs: 0, StartBugReporterOnCrash: 0, Is64bit: 1, IsPro: 0

 COMMAND LINE ARGUMENTS:
C:\Program Files\Unity\Hub\Editor\2020.2.2f1\Editor\Unity.exe
-adb2
-batchMode
-noUpm
-name
AssetImportWorker0
-projectPath
D:/Documents/School/Jaar 3/Game Lab/Portal Dragon/Portal Dragon Game Lab
-logFile
Logs/AssetImportWorker0.log
-srvPort
49799
Successfully changed project path to: D:/Documents/School/Jaar 3/Game Lab/Portal Dragon/Portal Dragon Game Lab
D:/Documents/School/Jaar 3/Game Lab/Portal Dragon/Portal Dragon Game Lab
Using Asset Import Pipeline V2.
Refreshing native plugins compatible for Editor in 75.10 ms, found 0 plugins.
Preloading 0 native plugins for Editor in 0.00 ms.
Initialize engine version: 2020.2.2f1 (068178b99f32)
[Subsystems] Discovering subsystems at path C:/Program Files/Unity/Hub/Editor/2020.2.2f1/Editor/Data/Resources/UnitySubsystems
[Subsystems] Discovering subsystems at path D:/Documents/School/Jaar 3/Game Lab/Portal Dragon/Portal Dragon Game Lab/Assets
GfxDevice: creating device client; threaded=0
Direct3D:
    Version:  Direct3D 11.0 [level 11.1]
    Renderer: NVIDIA GeForce GTX 1060 (ID=0x1c20)
    Vendor:   
    VRAM:     2987 MB
    Driver:   27.21.14.5638
Shader 'Universal Render Pipeline/Particles/Lit': fallback shader 'Universal Render Pipeline/Particles/SimpleLit' not found
Initialize mono
Mono path[0] = 'C:/Program Files/Unity/Hub/Editor/2020.2.2f1/Editor/Data/Managed'
Mono path[1] = 'C:/Program Files/Unity/Hub/Editor/2020.2.2f1/Editor/Data/MonoBleedingEdge/lib/mono/unityjit'
Mono config path = 'C:/Program Files/Unity/Hub/Editor/2020.2.2f1/Editor/Data/MonoBleedingEdge/etc'
Using monoOptions --debugger-agent=transport=dt_socket,embedding=1,server=y,suspend=n,address=127.0.0.1:56904
Begin MonoManager ReloadAssembly
Registering precompiled unity dll's ...
Register platform support module: C:/Program Files/Unity/Hub/Editor/2020.2.2f1/Editor/Data/PlaybackEngines/MacStandaloneSupport/UnityEditor.OSXStandalone.Extensions.dll
Register platform support module: C:/Program Files/Unity/Hub/Editor/2020.2.2f1/Editor/Data/PlaybackEngines/WindowsStandaloneSupport/UnityEditor.WindowsStandalone.Extensions.dll
Registered in 0.003146 seconds.
Native extension for WindowsStandalone target not found
Native extension for OSXStandalone target not found
Refreshing native plugins compatible for Editor in 82.01 ms, found 0 plugins.
Preloading 0 native plugins for Editor in 0.00 ms.
Invoked RoslynAnalysisRunner static constructor.
RoslynAnalysisRunner will not be running.
RoslynAnalysisRunner has terminated.
Mono: successfully reloaded assembly
- Completed reload, in  1.692 seconds
Platform modules already initialized, skipping
Registering precompiled user dll's ...
Registered in 0.001895 seconds.
Begin MonoManager ReloadAssembly
Native extension for WindowsStandalone target not found
Native extension for OSXStandalone target not found
Refreshing native plugins compatible for Editor in 76.36 ms, found 0 plugins.
Preloading 0 native plugins for Editor in 0.00 ms.
Invoked RoslynAnalysisRunner static constructor.
RoslynAnalysisRunner will not be running.
RoslynAnalysisRunner has terminated.
Mono: successfully reloaded assembly
- Completed reload, in  1.531 seconds
Platform modules already initialized, skipping
========================================================================
Worker process is ready to serve import requests
Shader 'Universal Render Pipeline/Particles/Lit': fallback shader 'Universal Render Pipeline/Particles/SimpleLit' not found
Launched and connected shader compiler UnityShaderCompiler.exe after 0.06 seconds
Refreshing native plugins compatible for Editor in 0.53 ms, found 0 plugins.
Preloading 0 native plugins for Editor in 0.00 ms.
Unloading 2922 Unused Serialized files (Serialized files now loaded: 0)
System memory in use before: 142.7 MB.
System memory in use after: 142.9 MB.

Unloading 11 unused Assets to reduce memory usage. Loaded Objects now: 3381.
Total: 3.290600 ms (FindLiveObjects: 0.447800 ms CreateObjectMapping: 0.288500 ms MarkObjects: 2.462400 ms  DeleteObjects: 0.090300 ms)

========================================================================
Received Import Request.
  path: Assets/Materials/New Render Texture.mat
  artifactKey: Guid(810f4b84e577ad341a747ecab71ac66d) Importer(815301076,1909f56bfc062723c751e8b465ee728b)
Start importing Assets/Materials/New Render Texture.mat using Guid(810f4b84e577ad341a747ecab71ac66d) Importer(815301076,1909f56bfc062723c751e8b465ee728b)  -> (artifact id: 'b7efdea88eb1d5e777a3713b0b8e1ddf') in 0.343801 seconds
  Import took 0.350578 seconds .

========================================================================
Received Prepare
Registering precompiled user dll's ...
Registered in 0.001506 seconds.
Begin MonoManager ReloadAssembly
Native extension for WindowsStandalone target not found
Native extension for OSXStandalone target not found
Refreshing native plugins compatible for Editor in 0.71 ms, found 0 plugins.
Preloading 0 native plugins for Editor in 0.00 ms.
Invoked RoslynAnalysisRunner static constructor.
RoslynAnalysisRunner will not be running.
RoslynAnalysisRunner has terminated.
Mono: successfully reloaded assembly
- Completed reload, in  1.652 seconds
Platform modules already initialized, skipping
Shader 'Universal Render Pipeline/Particles/Lit': fallback shader 'Universal Render Pipeline/Particles/SimpleLit' not found
Refreshing native plugins compatible for Editor in 0.94 ms, found 0 plugins.
Preloading 0 native plugins for Editor in 0.00 ms.
Unloading 2804 Unused Serialized files (Serialized files now loaded: 0)
System memory in use before: 142.5 MB.
System memory in use after: 142.7 MB.

Unloading 7 unused Assets to reduce memory usage. Loaded Objects now: 3461.
Total: 3.654700 ms (FindLiveObjects: 0.600100 ms CreateObjectMapping: 0.210100 ms MarkObjects: 2.761400 ms  DeleteObjects: 0.081100 ms)

========================================================================
Received Import Request.
  Time since last request: 2480.722462 seconds.
  path: Assets/Particles/Portal.vfx
  artifactKey: Guid(38bff15936de783458f4b0d0591d0aee) Importer(815301076,1909f56bfc062723c751e8b465ee728b)
Start importing Assets/Particles/Portal.vfx using Guid(38bff15936de783458f4b0d0591d0aee) Importer(815301076,1909f56bfc062723c751e8b465ee728b)  -> (artifact id: '7d9bef980b0492bd920ec157e539bffb') in 0.312688 seconds
  Import took 0.320739 seconds .

========================================================================
Received Import Request.
  Time since last request: 3.778759 seconds.
  path: Assets/Shaders/ScreenCutoutShader.shader
  artifactKey: Guid(6c86fc2441e05fd46a74c1a07b2f044b) Importer(815301076,1909f56bfc062723c751e8b465ee728b)
Start importing Assets/Shaders/ScreenCutoutShader.shader using Guid(6c86fc2441e05fd46a74c1a07b2f044b) Importer(815301076,1909f56bfc062723c751e8b465ee728b)  -> (artifact id: '8dd14134486a321a88bdea0ba3590144') in 0.004327 seconds
  Import took 0.010572 seconds .

========================================================================
Received Import Request.
  Time since last request: 0.008102 seconds.
  path: Assets/Shaders/ScreenCutoutShader.shader
  artifactKey: Guid(6c86fc2441e05fd46a74c1a07b2f044b) Importer(815301076,1909f56bfc062723c751e8b465ee728b)
Start importing Assets/Shaders/ScreenCutoutShader.shader using Guid(6c86fc2441e05fd46a74c1a07b2f044b) Importer(815301076,1909f56bfc062723c751e8b465ee728b)  -> (artifact id: '8dd14134486a321a88bdea0ba3590144') in 0.001736 seconds
  Import took 0.006767 seconds .

========================================================================
Received Import Request.
  Time since last request: 343.914143 seconds.
  path: Assets/Materials/New Render Texture.mat
  artifactKey: Guid(810f4b84e577ad341a747ecab71ac66d) Importer(815301076,1909f56bfc062723c751e8b465ee728b)
Start importing Assets/Materials/New Render Texture.mat using Guid(810f4b84e577ad341a747ecab71ac66d) Importer(815301076,1909f56bfc062723c751e8b465ee728b)  -> (artifact id: 'c62e7b7614720876af581d22fbfed667') in 0.258708 seconds
  Import took 0.266745 seconds .

AssetImportWorkerClient::OnTransportError - code=2 error=End of file
